[debug] [2020-05-02T22:23:11.475Z] ----------------------------------------------------------------------
[debug] [2020-05-02T22:23:11.478Z] Command:       C:\Program Files\nodejs\node.exe C:\Users\mbozsoki\AppData\Roaming\npm\node_modules\firebase-tools\lib\bin\firebase.js serve
[debug] [2020-05-02T22:23:11.478Z] CLI Version:   8.2.0
[debug] [2020-05-02T22:23:11.478Z] Platform:      win32
[debug] [2020-05-02T22:23:11.478Z] Node Version:  v10.16.0
[debug] [2020-05-02T22:23:11.480Z] Time:          Sun May 03 2020 00:23:11 GMT+0200 (Central European Summer Time)
[debug] [2020-05-02T22:23:11.480Z] ----------------------------------------------------------------------
[debug] [2020-05-02T22:23:11.480Z] 
[debug] [2020-05-02T22:23:11.493Z] > command requires scopes: ["email","openid","https://www.googleapis.com/auth/cloudplatformprojects.readonly","https://www.googleapis.com/auth/firebase","https://www.googleapis.com/auth/cloud-platform"]
[debug] [2020-05-02T22:23:11.493Z] > authorizing via signed-in user
[debug] [2020-05-02T22:23:11.494Z] [iam] checking project mentimeter-clone for permissions ["firebase.projects.get"]
[debug] [2020-05-02T22:23:11.498Z] >>> HTTP REQUEST POST https://cloudresourcemanager.googleapis.com/v1/projects/mentimeter-clone:testIamPermissions  
 {"permissions":["firebase.projects.get"]}
[debug] [2020-05-02T22:23:12.433Z] <<< HTTP RESPONSE 200 {"content-type":"application/json; charset=UTF-8","vary":"X-Origin, Referer, Origin,Accept-Encoding","date":"Sat, 02 May 2020 22:23:12 GMT","server":"ESF","cache-control":"private","x-xss-protection":"0","x-frame-options":"SAMEORIGIN","x-content-type-options":"nosniff","server-timing":"gfet4t7; dur=833","alt-svc":"h3-Q050=\":443\"; ma=2592000,h3-Q049=\":443\"; ma=2592000,h3-Q048=\":443\"; ma=2592000,h3-Q046=\":443\"; ma=2592000,h3-Q043=\":443\"; ma=2592000,quic=\":443\"; ma=2592000; v=\"46,43\"","accept-ranges":"none","transfer-encoding":"chunked"}
[debug] [2020-05-02T22:23:12.434Z] >>> HTTP REQUEST GET https://firebase.googleapis.com/v1beta1/projects/mentimeter-clone  
 
[debug] [2020-05-02T22:23:12.698Z] <<< HTTP RESPONSE 200 {"content-type":"application/json; charset=UTF-8","vary":"X-Origin, Referer, Origin,Accept-Encoding","date":"Sat, 02 May 2020 22:23:12 GMT","server":"ESF","cache-control":"private","x-xss-protection":"0","x-frame-options":"SAMEORIGIN","x-content-type-options":"nosniff","alt-svc":"h3-Q050=\":443\"; ma=2592000,h3-Q049=\":443\"; ma=2592000,h3-Q048=\":443\"; ma=2592000,h3-Q046=\":443\"; ma=2592000,h3-Q043=\":443\"; ma=2592000,quic=\":443\"; ma=2592000; v=\"46,43\"","accept-ranges":"none","transfer-encoding":"chunked"}
[info] 
[info] === Serving from 'D:\webdev\mentimeter-clone\quiz-app'...
[info] 
[debug] [2020-05-02T22:23:12.712Z] >>> HTTP REQUEST GET https://firebase.googleapis.com/v1beta1/projects/mentimeter-clone/webApps/-/config  
 
[debug] [2020-05-02T22:23:13.309Z] <<< HTTP RESPONSE 200 {"content-type":"application/json; charset=UTF-8","vary":"X-Origin, Referer, Origin,Accept-Encoding","date":"Sat, 02 May 2020 22:23:13 GMT","server":"ESF","cache-control":"private","x-xss-protection":"0","x-frame-options":"SAMEORIGIN","x-content-type-options":"nosniff","alt-svc":"h3-Q050=\":443\"; ma=2592000,h3-Q049=\":443\"; ma=2592000,h3-Q048=\":443\"; ma=2592000,h3-Q046=\":443\"; ma=2592000,h3-Q043=\":443\"; ma=2592000,quic=\":443\"; ma=2592000; v=\"46,43\"","accept-ranges":"none","transfer-encoding":"chunked"}
[info] i  hosting: Serving hosting files from: public
[info] +  hosting: Local server: http://localhost:5000
[warn] !  Your requested "node" version "8" doesn't match your global version "10"
[info] +  functions: functions emulator started at http://localhost:5001
[info] i  functions: Watching "D:\webdev\mentimeter-clone\quiz-app\functions" for Cloud Functions...
[debug] [2020-05-02T22:23:14.770Z] [worker-pool] addWorker(~diagnostic~) 
[debug] [2020-05-02T22:23:14.770Z] [worker-pool] Adding worker with key ~diagnostic~, total=1 
[debug] [2020-05-02T22:23:14.770Z] [worker-pool] submitWork(triggerId=) 
[debug] [2020-05-02T22:23:14.771Z] [worker-~diagnostic~-71051209-e105-4540-a0cb-55631ba859fc]: Assigning socketPath: \\?\pipe\D:\webdev\mentimeter-clone\quiz-app\functions\19812 
[debug] [2020-05-02T22:23:14.771Z] [worker-~diagnostic~-71051209-e105-4540-a0cb-55631ba859fc]: BUSY 
[debug] [2020-05-02T22:23:15.452Z] [runtime-status] [19812] Functions runtime initialized. {"cwd":"D:\\webdev\\mentimeter-clone\\quiz-app\\functions","node_version":"10.16.0"} 
[debug] [2020-05-02T22:23:15.454Z] [runtime-status] [19812] Disabled runtime features: undefined 
[debug] [2020-05-02T22:23:15.460Z] [runtime-status] [19812] Resolved module firebase-admin {"declared":true,"installed":true,"version":"8.11.0","resolution":"D:\\webdev\\mentimeter-clone\\quiz-app\\functions\\node_modules\\firebase-admin\\lib\\index.js"} 
[debug] [2020-05-02T22:23:15.462Z] [runtime-status] [19812] Resolved module firebase-functions {"declared":true,"installed":true,"version":"3.6.1","resolution":"D:\\webdev\\mentimeter-clone\\quiz-app\\functions\\node_modules\\firebase-functions\\lib\\index.js"} 
[debug] [2020-05-02T22:23:15.468Z] [runtime-status] [19812] Outgoing network have been stubbed. [{"name":"http","status":"mocked"},{"name":"http","status":"mocked"},{"name":"https","status":"mocked"},{"name":"https","status":"mocked"},{"name":"net","status":"mocked"}] 
[debug] [2020-05-02T22:23:15.538Z] [runtime-status] [19812] Checked functions.config() {"config":{}} 
[debug] [2020-05-02T22:23:15.539Z] [runtime-status] [19812] Resolved module firebase-functions {"declared":true,"installed":true,"version":"3.6.1","resolution":"D:\\webdev\\mentimeter-clone\\quiz-app\\functions\\node_modules\\firebase-functions\\lib\\index.js"} 
[debug] [2020-05-02T22:23:15.541Z] [runtime-status] [19812] Resolved module firebase-admin {"declared":true,"installed":true,"version":"8.11.0","resolution":"D:\\webdev\\mentimeter-clone\\quiz-app\\functions\\node_modules\\firebase-admin\\lib\\index.js"} 
[debug] [2020-05-02T22:23:15.541Z] [runtime-status] [19812] Resolved module firebase-functions {"declared":true,"installed":true,"version":"3.6.1","resolution":"D:\\webdev\\mentimeter-clone\\quiz-app\\functions\\node_modules\\firebase-functions\\lib\\index.js"} 
[debug] [2020-05-02T22:23:15.542Z] [runtime-status] [19812] firebase-admin has been stubbed. {"adminResolution":{"declared":true,"installed":true,"version":"8.11.0","resolution":"D:\\webdev\\mentimeter-clone\\quiz-app\\functions\\node_modules\\firebase-admin\\lib\\index.js"}} 
[info] +  functions[helloWorld]: http function initialized (http://localhost:5001/mentimeter-clone/us-central1/helloWorld).
[debug] [2020-05-02T22:23:15.547Z] [worker-~diagnostic~-71051209-e105-4540-a0cb-55631ba859fc]: IDLE 
